[0m2021.09.27 14:35:49 INFO  Started: Metals version 0.10.7 in workspace '/Users/avirals/dev/learning-scala/chapter_4' for client Visual Studio Code 1.60.2.[0m
[0m2021.09.27 14:35:50 INFO  time: initialize in 0.39s[0m
[0m2021.09.27 14:35:50 WARN  Build server is not auto-connectable.[0m
[0m2021.09.27 14:35:50 WARN  no build tool detected in workspace '/Users/avirals/dev/learning-scala/chapter_4'. The most common cause for this problem is that the editor was opened in the wrong working directory, for example if you use sbt then the workspace directory should contain build.sbt. [0m
[0m2021.09.27 14:35:50 WARN  no build target for: /Users/avirals/dev/learning-scala/chapter_4/RenderSudoku.sc[0m
[0m2021.09.27 14:35:52 INFO  no build target: using presentation compiler with only scala-library: 2.12.15[0m
[0m2021.09.27 14:35:55 INFO  time: code lens generation in 3.94s[0m
[0m2021.09.27 14:36:21 INFO  tracing is disabled for protocol BSP, to enable tracing of incoming and outgoing JSON messages create an empty file at /Users/avirals/Library/Caches/org.scalameta.metals/bsp.trace.json[0m
[0m2021.09.27 14:36:22 INFO  Ammonite: Starting BSP server
[0m
[0m2021.09.27 14:36:22 INFO  Connected to Ammonite Build server v2.3.8-124-2da846d2[0m
[0m2021.09.27 14:36:25 INFO  no build target: using presentation compiler with only scala-library: 2.12.15[0m
[0m2021.09.27 14:36:26 INFO  time: indexed workspace in 1.86s[0m
[0m2021.09.27 14:36:26 INFO  no build target: using presentation compiler with only scala-library: 2.12.13[0m
[0m2021.09.27 14:36:27 INFO  compiling rendersudoku.sc[0m
[0m2021.09.27 14:36:29 INFO  time: compiled RenderSudoku.sc in 2.66s[0m
something's wrong: no file:///Users/avirals/dev/learning-scala/chapter_4/.ammonite/scala-2.12.13/amm-2.3.8-124-2da846d2/RenderSudoku/src/ammonite/$file/RenderSudoku.sc.scala in Array[<error>]RangePosition(file:///Users/avirals/dev/learning-scala/chapter_4/.ammonite/scala-2.12.13/amm-2.3.8-124-2da846d2/RenderSudoku/src/ammonite/$file/RenderSudoku.sc.scala, 667, 667, 682)
something's wrong: no file:///Users/avirals/dev/learning-scala/chapter_4/.ammonite/scala-2.12.13/amm-2.3.8-124-2da846d2/RenderSudoku/src/ammonite/$file/RenderSudoku.sc.scala in Array[<error>]RangePosition(file:///Users/avirals/dev/learning-scala/chapter_4/.ammonite/scala-2.12.13/amm-2.3.8-124-2da846d2/RenderSudoku/src/ammonite/$file/RenderSudoku.sc.scala, 667, 667, 675)
something's wrong: no file:///Users/avirals/dev/learning-scala/chapter_4/.ammonite/scala-2.12.13/amm-2.3.8-124-2da846d2/RenderSudoku/src/ammonite/$file/RenderSudoku.sc.scala in Array[<error>]RangePosition(file:///Users/avirals/dev/learning-scala/chapter_4/.ammonite/scala-2.12.13/amm-2.3.8-124-2da846d2/RenderSudoku/src/ammonite/$file/RenderSudoku.sc.scala, 667, 667, 676)
something's wrong: no file:///Users/avirals/dev/learning-scala/chapter_4/.ammonite/scala-2.12.13/amm-2.3.8-124-2da846d2/RenderSudoku/src/ammonite/$file/RenderSudoku.sc.scala in Array[<error>]RangePosition(file:///Users/avirals/dev/learning-scala/chapter_4/.ammonite/scala-2.12.13/amm-2.3.8-124-2da846d2/RenderSudoku/src/ammonite/$file/RenderSudoku.sc.scala, 667, 667, 679)
something's wrong: no file:///Users/avirals/dev/learning-scala/chapter_4/.ammonite/scala-2.12.13/amm-2.3.8-124-2da846d2/RenderSudoku/src/ammonite/$file/RenderSudoku.sc.scala in Array[<error>]RangePosition(file:///Users/avirals/dev/learning-scala/chapter_4/.ammonite/scala-2.12.13/amm-2.3.8-124-2da846d2/RenderSudoku/src/ammonite/$file/RenderSudoku.sc.scala, 673, 673, 688)
something's wrong: no file:///Users/avirals/dev/learning-scala/chapter_4/.ammonite/scala-2.12.13/amm-2.3.8-124-2da846d2/RenderSudoku/src/ammonite/$file/RenderSudoku.sc.scala in Array[<error>]RangePosition(file:///Users/avirals/dev/learning-scala/chapter_4/.ammonite/scala-2.12.13/amm-2.3.8-124-2da846d2/RenderSudoku/src/ammonite/$file/RenderSudoku.sc.scala, 673, 673, 681)
something's wrong: no file:///Users/avirals/dev/learning-scala/chapter_4/.ammonite/scala-2.12.13/amm-2.3.8-124-2da846d2/RenderSudoku/src/ammonite/$file/RenderSudoku.sc.scala in Array[<error>]RangePosition(file:///Users/avirals/dev/learning-scala/chapter_4/.ammonite/scala-2.12.13/amm-2.3.8-124-2da846d2/RenderSudoku/src/ammonite/$file/RenderSudoku.sc.scala, 673, 673, 682)
something's wrong: no file:///Users/avirals/dev/learning-scala/chapter_4/.ammonite/scala-2.12.13/amm-2.3.8-124-2da846d2/RenderSudoku/src/ammonite/$file/RenderSudoku.sc.scala in Array[Int]RangePosition(file:///Users/avirals/dev/learning-scala/chapter_4/.ammonite/scala-2.12.13/amm-2.3.8-124-2da846d2/RenderSudoku/src/ammonite/$file/RenderSudoku.sc.scala, 673, 673, 683)
something's wrong: no file:///Users/avirals/dev/learning-scala/chapter_4/.ammonite/scala-2.12.13/amm-2.3.8-124-2da846d2/RenderSudoku/src/ammonite/$file/RenderSudoku.sc.scala in Array[Int]RangePosition(file:///Users/avirals/dev/learning-scala/chapter_4/.ammonite/scala-2.12.13/amm-2.3.8-124-2da846d2/RenderSudoku/src/ammonite/$file/RenderSudoku.sc.scala, 673, 673, 683)
something's wrong: no file:///Users/avirals/dev/learning-scala/chapter_4/.ammonite/scala-2.12.13/amm-2.3.8-124-2da846d2/RenderSudoku/src/ammonite/$file/RenderSudoku.sc.scala in Array[Int]RangePosition(file:///Users/avirals/dev/learning-scala/chapter_4/.ammonite/scala-2.12.13/amm-2.3.8-124-2da846d2/RenderSudoku/src/ammonite/$file/RenderSudoku.sc.scala, 673, 673, 683)
[0m2021.09.27 14:37:33 INFO  compiling rendersudoku.sc[0m
[0m2021.09.27 14:37:33 INFO  time: compiled RenderSudoku.sc in 0.88s[0m
[0m2021.09.27 14:37:41 INFO  compiling rendersudoku.sc[0m
[0m2021.09.27 14:37:41 INFO  time: compiled RenderSudoku.sc in 0.9s[0m
[0m2021.09.27 14:37:52 INFO  compiling rendersudoku.sc[0m
[0m2021.09.27 14:37:52 INFO  time: compiled RenderSudoku.sc in 0.76s[0m
[0m2021.09.27 14:38:04 INFO  compiling rendersudoku.sc[0m
[0m2021.09.27 14:38:04 INFO  time: compiled RenderSudoku.sc in 0.69s[0m
[0m2021.09.27 14:38:23 INFO  compiling rendersudoku.sc[0m
[0m2021.09.27 14:38:23 INFO  time: compiled RenderSudoku.sc in 0.14s[0m
[0m2021.09.27 14:38:27 INFO  compiling rendersudoku.sc[0m
[0m2021.09.27 14:38:27 INFO  time: compiled RenderSudoku.sc in 0.7s[0m
[0m2021.09.27 14:38:38 INFO  compiling rendersudoku.sc[0m
[0m2021.09.27 14:38:38 INFO  time: compiled RenderSudoku.sc in 0.69s[0m
Sep 27, 2021 2:39:06 PM org.eclipse.lsp4j.jsonrpc.RemoteEndpoint handleCancellation
WARNING: Unmatched cancel notification for request id 654
[0m2021.09.27 14:39:26 INFO  compiling rendersudoku.sc[0m
[0m2021.09.27 14:39:26 INFO  time: compiled RenderSudoku.sc in 0.71s[0m
[0m2021.09.27 14:42:39 INFO  compiling rendersudoku.sc[0m
[0m2021.09.27 14:42:39 INFO  time: compiled RenderSudoku.sc in 0.89s[0m
[0m2021.09.27 14:42:47 INFO  compiling rendersudoku.sc[0m
[0m2021.09.27 14:42:47 INFO  time: compiled RenderSudoku.sc in 0.1s[0m
[0m2021.09.27 14:42:52 INFO  compiling rendersudoku.sc[0m
[0m2021.09.27 14:42:52 INFO  time: compiled RenderSudoku.sc in 0.71s[0m
[0m2021.09.27 14:43:12 INFO  compiling rendersudoku.sc[0m
[0m2021.09.27 14:43:12 INFO  time: compiled RenderSudoku.sc in 0.67s[0m
[0m2021.09.27 14:43:42 INFO  compiling rendersudoku.sc[0m
[0m2021.09.27 14:43:42 INFO  time: compiled RenderSudoku.sc in 0.7s[0m
[0m2021.09.27 14:44:07 INFO  compiling rendersudoku.sc[0m
[0m2021.09.27 14:44:07 INFO  time: compiled RenderSudoku.sc in 0.66s[0m
[0m2021.09.27 14:44:16 INFO  compiling rendersudoku.sc[0m
[0m2021.09.27 14:44:16 INFO  time: compiled RenderSudoku.sc in 0.69s[0m
[0m2021.09.27 14:44:34 INFO  compiling rendersudoku.sc[0m
[0m2021.09.27 14:44:34 INFO  time: compiled RenderSudoku.sc in 0.65s[0m
